#
# There is insufficient memory for the Java Runtime Environment to continue.
# Native memory allocation (mmap) failed to map 266338304 bytes for Failed to commit area from 0x0000000702000000 to 0x0000000711e00000 of length 266338304.
# Possible reasons:
#   The system is out of physical RAM or swap space
#   The process is running with CompressedOops enabled, and the Java Heap may be blocking the growth of the native heap
# Possible solutions:
#   Reduce memory load on the system
#   Increase physical memory or swap space
#   Check if swap backing store is full
#   Decrease Java heap size (-Xmx/-Xms)
#   Decrease number of Java threads
#   Decrease Java thread stack sizes (-Xss)
#   Set larger code cache with -XX:ReservedCodeCacheSize=
# This output file may be truncated or incomplete.
#
#  Out of Memory Error (t:/workspace/open/src/hotspot/os/windows/os_windows.cpp:3301), pid=22448, tid=576
#
# JRE version:  (13.0.2+8) (build )
# Java VM: Java HotSpot(TM) 64-Bit Server VM (13.0.2+8, mixed mode, aot, sharing, tiered, compressed oops, g1 gc, windows-amd64)
# No core dump will be written. Minidumps are not enabled by default on client versions of Windows
#

---------------  S U M M A R Y ------------

Command Line: -Dfile.encoding=Cp1254 --module-path=C:\Users\burak\eclipse-workspace\wetclean\library\mysql-connector-java-8.0.19.jar wetclean.KuruTemizleme

Host: Intel(R) Core(TM) i7-8750H CPU @ 2.20GHz, 12 cores, 15G,  Windows 10 , 64 bit Build 17763 (10.0.17763.1339)
Time: Fri Aug 14 02:01:01 2020 Türkiye Standart Saati elapsed time: 0 seconds (0d 0h 0m 0s)

---------------  T H R E A D  ---------------

Current thread (0x0000021473ce2800):  JavaThread "Unknown thread" [_thread_in_vm, id=576, stack(0x0000001a0da00000,0x0000001a0db00000)]

Stack: [0x0000001a0da00000,0x0000001a0db00000]
Native frames: (J=compiled Java code, j=interpreted, Vv=VM code, C=native code)
V  [jvm.dll+0x624f9a]
V  [jvm.dll+0x770cfa]
V  [jvm.dll+0x7724af]
V  [jvm.dll+0x772ab3]
V  [jvm.dll+0x24bf08]
V  [jvm.dll+0x6222aa]
V  [jvm.dll+0x6170b5]
V  [jvm.dll+0x30a88c]
V  [jvm.dll+0x30a6c2]
V  [jvm.dll+0x30fe36]
V  [jvm.dll+0x353f46]
V  [jvm.dll+0x353720]
V  [jvm.dll+0x2e550a]
V  [jvm.dll+0x2e67a2]
V  [jvm.dll+0x74dd78]
V  [jvm.dll+0x361989]
V  [jvm.dll+0x730e65]
V  [jvm.dll+0x3cc53f]
V  [jvm.dll+0x3ce861]
C  [jli.dll+0x51ff]
C  [ucrtbase.dll+0x21ffa]
C  [KERNEL32.DLL+0x17974]
C  [ntdll.dll+0x6a271]


---------------  P R O C E S S  ---------------

Threads class SMR info:
_java_thread_list=0x00007fff1ef8ccb8, length=0, elements={
}

Java Threads: ( => current thread )

Other Threads:
  0x0000021473d4b000 GCTaskThread "GC Thread#0" [stack: 0x0000001a0db00000,0x0000001a0dc00000] [id=21180]
  0x0000021473d6d800 ConcurrentGCThread "G1 Main Marker" [stack: 0x0000001a0dc00000,0x0000001a0dd00000] [id=24180]
  0x0000021473d6f000 ConcurrentGCThread "G1 Conc#0" [stack: 0x0000001a0dd00000,0x0000001a0de00000] [id=24088]

[error occurred during error reporting (printing all threads), id 0xc0000005, EXCEPTION_ACCESS_VIOLATION (0xc0000005) at pc=0x00007fff1e7c51d7]

VM state:not at safepoint (not fully initialized)

VM Mutex/Monitor currently owned by a thread:  ([mutex/lock_event])
[0x0000021471b5bd20] Heap_lock - owner thread: 0x0000021473ce2800

Heap address: 0x0000000702000000, size: 4064 MB, Compressed Oops mode: Non-zero based: 0x0000000702000000
Narrow klass base: 0x0000000000000000, Narrow klass shift: 0

GC Heap History (0 events):
No events

Deoptimization events (0 events):
No events

Classes unloaded (0 events):
No events

Classes redefined (0 events):
No events

Internal exceptions (0 events):
No events

Events (8 events):
Event: 0.004 Loaded shared library C:\Program Files\Java\jdk-13.0.2\bin\zip.dll
Event: 0.005 Loaded shared library C:\Program Files\Java\jdk-13.0.2\bin\jimage.dll
Event: 0.006 Loading shared library C:\Program Files\Java\jdk-13.0.2\lib\libjava.base-coop.dll failed, error code 126
Event: 0.006 Loading shared library C:\Program Files\Java\jdk-13.0.2\lib\libjava.logging-coop.dll failed, error code 126
Event: 0.006 Loading shared library C:\Program Files\Java\jdk-13.0.2\lib\libjdk.compiler-coop.dll failed, error code 126
Event: 0.006 Loading shared library C:\Program Files\Java\jdk-13.0.2\lib\libjdk.scripting.nashorn-coop.dll failed, error code 126
Event: 0.006 Loading shared library C:\Program Files\Java\jdk-13.0.2\lib\libjdk.internal.vm.ci-coop.dll failed, error code 126
Event: 0.006 Loading shared library C:\Program Files\Java\jdk-13.0.2\lib\libjdk.internal.vm.compiler-coop.dll failed, error code 126


Dynamic libraries:
0x00007ff72f800000 - 0x00007ff72f80f000 	C:\Program Files\Java\jdk-13.0.2\bin\javaw.exe
0x00007fff7fa10000 - 0x00007fff7fbfd000 	C:\Windows\SYSTEM32\ntdll.dll
0x00007fff7e290000 - 0x00007fff7e343000 	C:\Windows\System32\KERNEL32.DLL
0x00007fff7bbc0000 - 0x00007fff7be54000 	C:\Windows\System32\KERNELBASE.dll
0x00007fff7bac0000 - 0x00007fff7bbba000 	C:\Windows\System32\ucrtbase.dll
0x00007fff5c370000 - 0x00007fff5c385000 	C:\Program Files\Java\jdk-13.0.2\bin\VCRUNTIME140.dll
0x00007fff6f180000 - 0x00007fff6f198000 	C:\Program Files\Java\jdk-13.0.2\bin\jli.dll
0x00007fff7d3f0000 - 0x00007fff7d493000 	C:\Windows\System32\ADVAPI32.dll
0x00007fff7e420000 - 0x00007fff7e4be000 	C:\Windows\System32\msvcrt.dll
0x00007fff7d7e0000 - 0x00007fff7d87e000 	C:\Windows\System32\sechost.dll
0x00007fff7e020000 - 0x00007fff7e142000 	C:\Windows\System32\RPCRT4.dll
0x00007fff7d4a0000 - 0x00007fff7d637000 	C:\Windows\System32\USER32.dll
0x00007fff7cc10000 - 0x00007fff7cc30000 	C:\Windows\System32\win32u.dll
0x00007fff7d650000 - 0x00007fff7d679000 	C:\Windows\System32\GDI32.dll
0x00007fff6d4c0000 - 0x00007fff6d739000 	C:\Windows\WinSxS\amd64_microsoft.windows.common-controls_6595b64144ccf1df_6.0.17763.1397_none_de7645305346d5dc\COMCTL32.dll
0x00007fff7ca70000 - 0x00007fff7cc0b000 	C:\Windows\System32\gdi32full.dll
0x00007fff7be60000 - 0x00007fff7bf00000 	C:\Windows\System32\msvcp_win.dll
0x00007fff7cfb0000 - 0x00007fff7d2dc000 	C:\Windows\System32\combase.dll
0x00007fff7c810000 - 0x00007fff7c88e000 	C:\Windows\System32\bcryptPrimitives.dll
0x00007fff770d0000 - 0x00007fff770da000 	C:\Windows\SYSTEM32\VERSION.dll
0x00007fff7cc30000 - 0x00007fff7cc5e000 	C:\Windows\System32\IMM32.DLL
0x00007fff47e00000 - 0x00007fff47e9b000 	C:\Program Files\Java\jdk-13.0.2\bin\msvcp140.dll
0x00007fff1e4d0000 - 0x00007fff1f02d000 	C:\Program Files\Java\jdk-13.0.2\bin\server\jvm.dll
0x00007fff7d640000 - 0x00007fff7d648000 	C:\Windows\System32\PSAPI.DLL
0x00007fff6ab70000 - 0x00007fff6ab79000 	C:\Windows\SYSTEM32\WSOCK32.dll
0x00007fff6d740000 - 0x00007fff6d764000 	C:\Windows\SYSTEM32\WINMM.dll
0x00007fff7e3b0000 - 0x00007fff7e41d000 	C:\Windows\System32\WS2_32.dll
0x00007fff6ede0000 - 0x00007fff6ee0d000 	C:\Windows\SYSTEM32\WINMMBASE.dll
0x00007fff7c710000 - 0x00007fff7c75a000 	C:\Windows\System32\cfgmgr32.dll
0x00007fff7baa0000 - 0x00007fff7bab1000 	C:\Windows\System32\kernel.appcore.dll
0x00007fff77f50000 - 0x00007fff77f60000 	C:\Program Files\Java\jdk-13.0.2\bin\verify.dll
0x00007fff719b0000 - 0x00007fff71b9d000 	C:\Windows\SYSTEM32\DBGHELP.DLL
0x00007fff716e0000 - 0x00007fff7170a000 	C:\Windows\SYSTEM32\dbgcore.DLL
0x00007fff6c890000 - 0x00007fff6c8b6000 	C:\Program Files\Java\jdk-13.0.2\bin\java.dll
0x00007fff758b0000 - 0x00007fff758c7000 	C:\Program Files\Java\jdk-13.0.2\bin\zip.dll
0x00007fff76010000 - 0x00007fff7601a000 	C:\Program Files\Java\jdk-13.0.2\bin\jimage.dll

dbghelp: loaded successfully - version: 4.0.5 - missing functions: none
symbol engine: initialized successfully - sym options: 0x614 - pdb path: .;C:\Program Files\Java\jdk-13.0.2\bin;C:\Windows\SYSTEM32;C:\Windows\WinSxS\amd64_microsoft.windows.common-controls_6595b64144ccf1df_6.0.17763.1397_none_de7645305346d5dc;C:\Program Files\Java\jdk-13.0.2\bin\server

VM Arguments:
jvm_args: -Dfile.encoding=Cp1254 --module-path=C:\Users\burak\eclipse-workspace\wetclean\library\mysql-connector-java-8.0.19.jar 
java_command: wetclean.KuruTemizleme
java_class_path (initial): C:\Users\burak\eclipse-workspace\wetclean\bin;C:\Users\burak\eclipse\jar_files\mysql-connector-java-5.1.25.jar;C:\Users\burak\eclipse-workspace\wetclean\jgoodies-forms-1.8.0.jar
Launcher Type: SUN_STANDARD

[Global flags]
     intx CICompilerCount                          = 4                                         {product} {ergonomic}
     uint ConcGCThreads                            = 3                                         {product} {ergonomic}
     uint G1ConcRefinementThreads                  = 10                                        {product} {ergonomic}
   size_t G1HeapRegionSize                         = 1048576                                   {product} {ergonomic}
    uintx GCDrainStackTargetSize                   = 64                                        {product} {ergonomic}
   size_t InitialHeapSize                          = 266338304                                 {product} {ergonomic}
   size_t MarkStackSize                            = 4194304                                   {product} {ergonomic}
   size_t MaxHeapSize                              = 4261412864                                {product} {ergonomic}
   size_t MinHeapDeltaBytes                        = 1048576                                   {product} {ergonomic}
   size_t MinHeapSize                              = 8388608                                   {product} {ergonomic}
    uintx NonNMethodCodeHeapSize                   = 5839372                                {pd product} {ergonomic}
    uintx NonProfiledCodeHeapSize                  = 122909434                              {pd product} {ergonomic}
    uintx ProfiledCodeHeapSize                     = 122909434                              {pd product} {ergonomic}
    uintx ReservedCodeCacheSize                    = 251658240                              {pd product} {ergonomic}
     bool SegmentedCodeCache                       = true                                      {product} {ergonomic}
   size_t SoftMaxHeapSize                          = 4261412864                             {manageable} {ergonomic}
     bool UseCompressedClassPointers               = true                                 {lp64_product} {ergonomic}
     bool UseCompressedOops                        = true                                 {lp64_product} {ergonomic}
     bool UseG1GC                                  = true                                      {product} {ergonomic}
     bool UseLargePagesIndividualAllocation        = false                                  {pd product} {ergonomic}

Logging:
Log output configuration:
 #0: stdout all=warning uptime,level,tags
 #1: stderr all=off uptime,level,tags

Environment Variables:
PATH=C:/Program Files/Java/jdk-13.0.2/bin/server;C:/Program Files/Java/jdk-13.0.2/bin;C:\Program Files (x86)\Common Files\Intel\Shared Libraries\redist\intel64\compiler;C:\Program Files (x86)\Common Files\Oracle\Java\javapath;C:\Program Files (x86)\Intel\Intel(R) Management Engine Components\iCLS\;C:\Program Files\Intel\Intel(R) Management Engine Components\iCLS\;C:\Windows\system32;C:\Windows;C:\Windows\System32\Wbem;C:\Windows\System32\WindowsPowerShell\v1.0\;C:\Windows\System32\OpenSSH\;C:\Program Files (x86)\NVIDIA Corporation\PhysX\Common;C:\Program Files\Intel\WiFi\bin\;C:\Program Files\Common Files\Intel\WirelessCommon\;C:\Program Files (x86)\Intel\Intel(R) Management Engine Components\DAL;C:\Program Files\Intel\Intel(R) Management Engine Components\DAL;C:\Program Files\NVIDIA Corporation\NVIDIA NvDLISR;C:\Program Files (x86)\QuickTime\QTSystem\;C:\Program Files\Microsoft SQL Server\110\Tools\Binn\;C:\Program Files\MySQL\MySQL Shell 8.0\bin\;C:\Users\burak\AppData\Local\Microsoft\WindowsApps;C:\Program Files\Intel\WiFi\bin\;C:\Program Files\Common Files\Intel\WirelessCommon\;C:\Windows\System32;
USERNAME=burak
OS=Windows_NT
PROCESSOR_IDENTIFIER=Intel64 Family 6 Model 158 Stepping 10, GenuineIntel



---------------  S Y S T E M  ---------------

OS: Windows 10 , 64 bit Build 17763 (10.0.17763.1339)

CPU:total 12 (initial active 12) (6 cores per cpu, 2 threads per core) family 6 model 158 stepping 10, cmov, cx8, fxsr, mmx, sse, sse2, sse3, ssse3, sse4.1, sse4.2, popcnt, avx, avx2, aes, clmul, erms, 3dnowpref, lzcnt, ht, tsc, tscinvbit, bmi1, bmi2, adx, fma

Memory: 4k page, system-wide physical 16254M (8173M free)
TotalPageFile size 36292M (AvailPageFile size 186M)
current process WorkingSet (physical memory assigned to process): 10M, peak: 10M
current process commit charge ("private bytes"): 65M, peak: 319M

vm_info: Java HotSpot(TM) 64-Bit Server VM (13.0.2+8) for windows-amd64 JRE (13.0.2+8), built on Dec 11 2019 09:20:33 by "mach5one" with unknown MS VC++:1916

END.
